wear/build/intermediates/manifest_merge_blame_file/debug/processDebugMainManifest/manifest-merger-blame-debug-report.txt
1<?xml version="1.0" encoding="utf-8"?>
2<manifest xmlns:android="http://schemas.android.com/apk/res/android"
3    package="com.example.expensify"
4    android:versionCode="1"
5    android:versionName="1.0" >
6
7    <uses-sdk
8        android:minSdkVersion="30"
9        android:targetSdkVersion="36" />
10
11    <uses-feature android:name="android.hardware.type.watch" />
11-->src\main\AndroidManifest.xml:4:5-64
11-->src\main\AndroidManifest.xml:4:19-61
12
13    <application
13-->src\main\AndroidManifest.xml:6:5-27:19
14        android:allowBackup="true"
14-->src\main\AndroidManifest.xml:7:9-35
15        android:appComponentFactory="androidx.core.app.CoreComponentFactory"
15-->[androidx.core:core:1.6.0] AndroidManifest.xml:24:18-86
16        android:debuggable="true"
17        android:extractNativeLibs="false"
18        android:icon="@mipmap/ic_launcher"
18-->src\main\AndroidManifest.xml:8:9-43
19        android:label="@string/app_name"
19-->src\main\AndroidManifest.xml:9:9-41
20        android:supportsRtl="true"
20-->src\main\AndroidManifest.xml:10:9-35
21        android:testOnly="true"
22        android:theme="@android:style/Theme.DeviceDefault" >
22-->src\main\AndroidManifest.xml:11:9-59
23        <meta-data
23-->src\main\AndroidManifest.xml:13:9-15:37
24            android:name="com.google.android.wearable.standalone"
24-->src\main\AndroidManifest.xml:14:13-66
25            android:value="false" />
25-->src\main\AndroidManifest.xml:15:13-34
26
27        <activity
27-->src\main\AndroidManifest.xml:17:9-25:20
28            android:name="com.example.expensify.MainActivity"
28-->src\main\AndroidManifest.xml:18:13-41
29            android:exported="true"
29-->src\main\AndroidManifest.xml:19:13-36
30            android:taskAffinity="" >
30-->src\main\AndroidManifest.xml:20:13-36
31            <intent-filter>
31-->src\main\AndroidManifest.xml:21:13-24:29
32                <action android:name="android.intent.action.MAIN" />
32-->src\main\AndroidManifest.xml:22:17-69
32-->src\main\AndroidManifest.xml:22:25-66
33
34                <category android:name="android.intent.category.LAUNCHER" />
34-->src\main\AndroidManifest.xml:23:17-77
34-->src\main\AndroidManifest.xml:23:27-74
35            </intent-filter>
36        </activity>
37
38        <uses-library
38-->[androidx.wear:wear:1.3.0] AndroidManifest.xml:23:9-25:40
39            android:name="com.google.android.wearable"
39-->[androidx.wear:wear:1.3.0] AndroidManifest.xml:24:13-55
40            android:required="false" />
40-->[androidx.wear:wear:1.3.0] AndroidManifest.xml:25:13-37
41
42        <activity
42-->[com.google.android.gms:play-services-base:18.5.0] AndroidManifest.xml:5:9-173
43            android:name="com.google.android.gms.common.api.GoogleApiActivity"
43-->[com.google.android.gms:play-services-base:18.5.0] AndroidManifest.xml:5:19-85
44            android:exported="false"
44-->[com.google.android.gms:play-services-base:18.5.0] AndroidManifest.xml:5:146-170
45            android:theme="@android:style/Theme.Translucent.NoTitleBar" />
45-->[com.google.android.gms:play-services-base:18.5.0] AndroidManifest.xml:5:86-145
46
47        <meta-data
47-->[com.google.android.gms:play-services-basement:18.4.0] AndroidManifest.xml:6:9-122
48            android:name="com.google.android.gms.version"
48-->[com.google.android.gms:play-services-basement:18.4.0] AndroidManifest.xml:6:20-65
49            android:value="@integer/google_play_services_version" />
49-->[com.google.android.gms:play-services-basement:18.4.0] AndroidManifest.xml:6:66-119
50    </application>
51
52</manifest>